<?xml version="1.0" encoding="UTF-8"?>
<robot generator="Robot 7.1 (Python 3.12.7 on win32)" generated="2024-10-11T01:24:59.034137" rpa="false" schemaversion="5">
<suite id="s1" name="RF reST to MD conversion script" source="C:\Users\AlexUser\Desktop\RF_reST_to_MD_conversion_script">
<suite id="s1-s1" name="Tests" source="C:\Users\AlexUser\Desktop\RF_reST_to_MD_conversion_script\tests">
<suite id="s1-s1-s1" name="Conversion File Parser Tests" source="C:\Users\AlexUser\Desktop\RF_reST_to_MD_conversion_script\tests\conversion_file_parser_tests.robot">
<test id="s1-s1-s1-t1" name="get file contents test" line="9">
<kw name="Get Single File Name" owner="conversion_file_pickup">
<msg time="2024-10-11T01:24:59.093122" level="INFO">${file_name} = C:\Users\AlexUser\Desktop\RF_reST_to_MD_conversion_script\resources\files_for_testing\small_data_file.txt</msg>
<var>${file_name}</var>
<arg>files_for_testing</arg>
<arg>small_data_file.txt</arg>
<status status="PASS" start="2024-10-11T01:24:59.093122" elapsed="0.000994"/>
</kw>
<kw name="Return Or Get File Contents" owner="conversion_file_parser">
<msg time="2024-10-11T01:24:59.095111" level="INFO">${result} = -Some text from the file.-
-Some other text from the file.-</msg>
<var>${result}</var>
<arg>${file_name}</arg>
<status status="PASS" start="2024-10-11T01:24:59.094116" elapsed="0.001992"/>
</kw>
<kw name="Should Be Equal As Strings" owner="BuiltIn">
<arg>${result}</arg>
<arg>${file_contents_expected}</arg>
<doc>Fails if objects are unequal after converting them to strings.</doc>
<status status="PASS" start="2024-10-11T01:24:59.097107" elapsed="0.000996"/>
</kw>
<status status="PASS" start="2024-10-11T01:24:59.090125" elapsed="0.008978"/>
</test>
<test id="s1-s1-s1-t2" name="get file contents split by lines test" line="14">
<kw name="Get Single File Name" owner="conversion_file_pickup">
<msg time="2024-10-11T01:24:59.102093" level="INFO">${file_name} = C:\Users\AlexUser\Desktop\RF_reST_to_MD_conversion_script\resources\files_for_testing\small_data_file.txt</msg>
<var>${file_name}</var>
<arg>files_for_testing</arg>
<arg>small_data_file.txt</arg>
<status status="PASS" start="2024-10-11T01:24:59.101097" elapsed="0.000996"/>
</kw>
<kw name="Get File Contents Split By Lines" owner="conversion_file_parser">
<msg time="2024-10-11T01:24:59.104089" level="INFO">${result} = ['-Some text from the file.-', '-Some other text from the file.-']</msg>
<var>${result}</var>
<arg>${file_name}</arg>
<status status="PASS" start="2024-10-11T01:24:59.103090" elapsed="0.000999"/>
</kw>
<kw name="Should Be Equal As Strings" owner="BuiltIn">
<arg>${result}</arg>
<arg>${file_contents_split_by_lines_expected}</arg>
<doc>Fails if objects are unequal after converting them to strings.</doc>
<status status="PASS" start="2024-10-11T01:24:59.104089" elapsed="0.000996"/>
</kw>
<status status="PASS" start="2024-10-11T01:24:59.100099" elapsed="0.004986"/>
</test>
<test id="s1-s1-s1-t3" name="locate file content text block instances test" line="19">
<kw name="Clear File Contents Variable" owner="conversion_file_parser">
<status status="PASS" start="2024-10-11T01:24:59.109074" elapsed="0.000000"/>
</kw>
<kw name="Get Single File Name" owner="conversion_file_pickup">
<msg time="2024-10-11T01:24:59.111070" level="INFO">${file_name} = C:\Users\AlexUser\Desktop\RF_reST_to_MD_conversion_script\resources\files_for_testing\medium_data_file_with_text_blocks.txt</msg>
<var>${file_name}</var>
<arg>files_for_testing</arg>
<arg>medium_data_file_with_text_blocks.txt</arg>
<status status="PASS" start="2024-10-11T01:24:59.110071" elapsed="0.001995"/>
</kw>
<kw name="Locate File Content Text Block Instances" owner="conversion_file_parser">
<msg time="2024-10-11T01:24:59.114060" level="INFO">[[4]]
[[4, 7], [22]]
[[4, 7], [22, 25], [27]]
[[4, 7], [22, 25], [27, 31]]</msg>
<msg time="2024-10-11T01:24:59.114060" level="INFO">${result} = [[4, 7], [22, 25], [27, 31]]</msg>
<var>${result}</var>
<arg>${file_name}</arg>
<arg>Note:</arg>
<status status="PASS" start="2024-10-11T01:24:59.113064" elapsed="0.000996"/>
</kw>
<kw name="Should Be Equal" owner="BuiltIn">
<arg>${result}</arg>
<arg>${file_content_note_blocks_expected}</arg>
<doc>Fails if the given objects are unequal.</doc>
<status status="PASS" start="2024-10-11T01:24:59.115083" elapsed="0.000075"/>
</kw>
<status status="PASS" start="2024-10-11T01:24:59.107081" elapsed="0.009077"/>
</test>
<status status="PASS" start="2024-10-11T01:24:59.077159" elapsed="0.039994"/>
</suite>
<suite id="s1-s1-s2" name="Conversion File Pickup Tests" source="C:\Users\AlexUser\Desktop\RF_reST_to_MD_conversion_script\tests\conversion_file_pickup_tests.robot">
<test id="s1-s1-s2-t1" name="get all files for conversion test" line="8">
<kw name="Get All File Names" owner="conversion_file_pickup">
<msg time="2024-10-11T01:24:59.129122" level="INFO">${result} = ['1. Input data.md', '2. Executing tests and tasks.md', '3. [TODO] Extending Robot Framework.md', '4. [TODO] Supporting Tools.md', '5. [WIP] Appendices.md', 'medium_data_file_with_text_blocks.txt', 's...</msg>
<var>${result}</var>
<arg>files_for_testing</arg>
<status status="PASS" start="2024-10-11T01:24:59.128124" elapsed="0.000998"/>
</kw>
<kw name="Should Be Equal" owner="BuiltIn">
<arg>${result}</arg>
<arg>${all_file_names_expected}</arg>
<doc>Fails if the given objects are unequal.</doc>
<status status="PASS" start="2024-10-11T01:24:59.130120" elapsed="0.000997"/>
</kw>
<status status="PASS" start="2024-10-11T01:24:59.126130" elapsed="0.004987"/>
</test>
<test id="s1-s1-s2-t2" name="get single file name for conversion test" line="12">
<kw name="Get Single File Name" owner="conversion_file_pickup">
<msg time="2024-10-11T01:24:59.134108" level="INFO">${result} = C:\Users\AlexUser\Desktop\RF_reST_to_MD_conversion_script\resources\files_for_testing\small_data_file.txt</msg>
<var>${result}</var>
<arg>files_for_testing</arg>
<arg>small_data_file.txt</arg>
<status status="PASS" start="2024-10-11T01:24:59.134108" elapsed="0.000997"/>
</kw>
<kw name="Should Contain" owner="BuiltIn">
<arg>${result}</arg>
<arg>resources\\files_for_testing\\small_data_file.txt</arg>
<doc>Fails if ``container`` does not contain ``item`` one or more times.</doc>
<status status="PASS" start="2024-10-11T01:24:59.135225" elapsed="0.000998"/>
</kw>
<status status="PASS" start="2024-10-11T01:24:59.133118" elapsed="0.003105"/>
</test>
<status status="PASS" start="2024-10-11T01:24:59.119148" elapsed="0.019069"/>
</suite>
<suite id="s1-s1-s3" name="Heading Tests" source="C:\Users\AlexUser\Desktop\RF_reST_to_MD_conversion_script\tests\heading_tests.robot">
<test id="s1-s1-s3-t1" name="convert top level heading three digits test" line="7">
<kw name="Convert Top Level Heading" owner="convert_heading">
<msg time="2024-10-11T01:24:59.151299" level="INFO">${result} = ### Test &amp; something 4.1.1 else      here   4.1.1   Maybe?</msg>
<var>${result}</var>
<arg>${three_digit_heading_text}</arg>
<status status="PASS" start="2024-10-11T01:24:59.150303" elapsed="0.000996"/>
</kw>
<kw name="Should Be Equal As Strings" owner="BuiltIn">
<arg>${result}</arg>
<arg>${three_digit_heading_expected}</arg>
<doc>Fails if objects are unequal after converting them to strings.</doc>
<status status="PASS" start="2024-10-11T01:24:59.152296" elapsed="0.000998"/>
</kw>
<status status="PASS" start="2024-10-11T01:24:59.148307" elapsed="0.004987"/>
</test>
<test id="s1-s1-s3-t2" name="convert top level heading two digits test" line="12">
<kw name="Convert Top Level Heading" owner="convert_heading">
<msg time="2024-10-11T01:24:59.158683" level="INFO">${result} = ## Test &amp; something 4.1 else      here   4.1   Maybe?</msg>
<var>${result}</var>
<arg>${two_digit_heading_text}</arg>
<status status="PASS" start="2024-10-11T01:24:59.156681" elapsed="0.002993"/>
</kw>
<kw name="Should Be Equal As Strings" owner="BuiltIn">
<arg>${result}</arg>
<arg>${two_digit_heading_expected}</arg>
<doc>Fails if objects are unequal after converting them to strings.</doc>
<status status="PASS" start="2024-10-11T01:24:59.162667" elapsed="0.000998"/>
</kw>
<status status="PASS" start="2024-10-11T01:24:59.155683" elapsed="0.007982"/>
</test>
<test id="s1-s1-s3-t3" name="convert top level heading one digit test" line="17">
<kw name="Convert Top Level Heading" owner="convert_heading">
<msg time="2024-10-11T01:24:59.167652" level="INFO">${result} = # Test &amp; something 4. else      here   4   Maybe?</msg>
<var>${result}</var>
<arg>${one_digit_heading_text}</arg>
<status status="PASS" start="2024-10-11T01:24:59.166655" elapsed="0.000997"/>
</kw>
<kw name="Should Be Equal As Strings" owner="BuiltIn">
<arg>${result}</arg>
<arg>${one_digit_heading_expected}</arg>
<doc>Fails if objects are unequal after converting them to strings.</doc>
<status status="PASS" start="2024-10-11T01:24:59.168649" elapsed="0.000000"/>
</kw>
<status status="PASS" start="2024-10-11T01:24:59.164660" elapsed="0.004987"/>
</test>
<test id="s1-s1-s3-t4" name="convert top level heading no digits test" line="22">
<kw name="Convert Top Level Heading" owner="convert_heading">
<msg time="2024-10-11T01:24:59.172638" level="INFO">${result} =  Test &amp; something else   .   here   . .   Maybe?</msg>
<var>${result}</var>
<arg>${no_digit_heading_text}</arg>
<status status="PASS" start="2024-10-11T01:24:59.171642" elapsed="0.000996"/>
</kw>
<kw name="Should Be Equal As Strings" owner="BuiltIn">
<arg>${result}</arg>
<arg>${no_digit_heading_text}</arg>
<doc>Fails if objects are unequal after converting them to strings.</doc>
<status status="PASS" start="2024-10-11T01:24:59.173637" elapsed="0.000996"/>
</kw>
<status status="PASS" start="2024-10-11T01:24:59.170644" elapsed="0.004987"/>
</test>
<test id="s1-s1-s3-t5" name="convert top level heading empty input string test" line="27">
<kw name="Convert Top Level Heading" owner="convert_heading">
<msg time="2024-10-11T01:24:59.181615" level="INFO">${result} = </msg>
<var>${result}</var>
<arg>${EMPTY}</arg>
<status status="PASS" start="2024-10-11T01:24:59.180618" elapsed="0.000997"/>
</kw>
<kw name="Should Be Equal As Strings" owner="BuiltIn">
<arg>${result}</arg>
<arg>${EMPTY}</arg>
<doc>Fails if objects are unequal after converting them to strings.</doc>
<status status="PASS" start="2024-10-11T01:24:59.182612" elapsed="0.000000"/>
</kw>
<status status="PASS" start="2024-10-11T01:24:59.178623" elapsed="0.004987"/>
</test>
<status status="PASS" start="2024-10-11T01:24:59.140212" elapsed="0.044395"/>
</suite>
<status status="PASS" start="2024-10-11T01:24:59.068215" elapsed="0.119383"/>
</suite>
<status status="PASS" start="2024-10-11T01:24:59.040123" elapsed="0.149470"/>
</suite>
<statistics>
<total>
<stat pass="10" fail="0" skip="0">All Tests</stat>
</total>
<tag>
</tag>
<suite>
<stat pass="10" fail="0" skip="0" id="s1" name="RF reST to MD conversion script">RF reST to MD conversion script</stat>
<stat pass="10" fail="0" skip="0" id="s1-s1" name="Tests">RF reST to MD conversion script.Tests</stat>
<stat pass="3" fail="0" skip="0" id="s1-s1-s1" name="Conversion File Parser Tests">RF reST to MD conversion script.Tests.Conversion File Parser Tests</stat>
<stat pass="2" fail="0" skip="0" id="s1-s1-s2" name="Conversion File Pickup Tests">RF reST to MD conversion script.Tests.Conversion File Pickup Tests</stat>
<stat pass="5" fail="0" skip="0" id="s1-s1-s3" name="Heading Tests">RF reST to MD conversion script.Tests.Heading Tests</stat>
</suite>
</statistics>
<errors>
</errors>
</robot>
